<?xml version="1.0" encoding="utf-8"?>
<coverage line-rate="0.0277" branch-rate="0.0022" version="1.9" timestamp="1606116271" lines-covered="48" lines-valid="1732" branches-covered="3" branches-valid="1348">
  <sources>
    <source>C:\Users\vemin\Atelier\simplee\one\fraktaal\src\fraktaal\</source>
  </sources>
  <packages>
    <package name="fraktaal" line-rate="0.0277" branch-rate="0.0022" complexity="1881">
      <classes>
        <class name="Simplee.DSystems.ProcessId" filename="core\kernel.fs" line-rate="0" branch-rate="0" complexity="8">
          <methods>
            <method name="CompareTo" signature="(System.Object)" line-rate="0" branch-rate="1" complexity="1">
              <lines>
                <line number="74" hits="0" branch="False" />
              </lines>
            </method>
            <method name="ToString" signature="()" line-rate="0" branch-rate="1" complexity="1">
              <lines>
                <line number="76" hits="0" branch="False" />
              </lines>
            </method>
          </methods>
          <lines>
            <line number="74" hits="0" branch="False" />
            <line number="76" hits="0" branch="False" />
          </lines>
        </class>
        <class name="Simplee.DSystems.FromId" filename="core\kernel.fs" line-rate="0" branch-rate="0" complexity="8">
          <methods>
            <method name="CompareTo" signature="(System.Object)" line-rate="0" branch-rate="1" complexity="1">
              <lines>
                <line number="77" hits="0" branch="False" />
              </lines>
            </method>
            <method name="ToString" signature="()" line-rate="0" branch-rate="1" complexity="1">
              <lines>
                <line number="79" hits="0" branch="False" />
              </lines>
            </method>
          </methods>
          <lines>
            <line number="77" hits="0" branch="False" />
            <line number="79" hits="0" branch="False" />
          </lines>
        </class>
        <class name="Simplee.DSystems.ToId" filename="core\kernel.fs" line-rate="0" branch-rate="0" complexity="8">
          <methods>
            <method name="CompareTo" signature="(System.Object)" line-rate="0" branch-rate="1" complexity="1">
              <lines>
                <line number="80" hits="0" branch="False" />
              </lines>
            </method>
            <method name="ToString" signature="()" line-rate="0" branch-rate="1" complexity="1">
              <lines>
                <line number="82" hits="0" branch="False" />
              </lines>
            </method>
          </methods>
          <lines>
            <line number="80" hits="0" branch="False" />
            <line number="82" hits="0" branch="False" />
          </lines>
        </class>
        <class name="Simplee.DSystems.SessionId" filename="core\kernel.fs" line-rate="0" branch-rate="0" complexity="8">
          <methods>
            <method name="CompareTo" signature="(System.Object)" line-rate="0" branch-rate="1" complexity="1">
              <lines>
                <line number="83" hits="0" branch="False" />
              </lines>
            </method>
            <method name="ToString" signature="()" line-rate="0" branch-rate="1" complexity="1">
              <lines>
                <line number="85" hits="0" branch="False" />
              </lines>
            </method>
          </methods>
          <lines>
            <line number="83" hits="0" branch="False" />
            <line number="85" hits="0" branch="False" />
          </lines>
        </class>
        <class name="Simplee.DSystems.EnvelopeId" filename="core\kernel.fs" line-rate="0" branch-rate="0" complexity="8">
          <methods>
            <method name="CompareTo" signature="(System.Object)" line-rate="0" branch-rate="1" complexity="1">
              <lines>
                <line number="86" hits="0" branch="False" />
              </lines>
            </method>
            <method name="ToString" signature="()" line-rate="0" branch-rate="1" complexity="1">
              <lines>
                <line number="88" hits="0" branch="False" />
              </lines>
            </method>
          </methods>
          <lines>
            <line number="86" hits="0" branch="False" />
            <line number="88" hits="0" branch="False" />
          </lines>
        </class>
        <class name="Simplee.DSystems.Payload" filename="core\kernel.fs" line-rate="0" branch-rate="0" complexity="17">
          <methods>
            <method name="CompareTo" signature="(System.Object)" line-rate="0" branch-rate="1" complexity="1">
              <lines>
                <line number="167" hits="0" branch="False" />
              </lines>
            </method>
            <method name="ToString" signature="()" line-rate="0" branch-rate="0" complexity="2">
              <lines>
                <line number="172" hits="0" branch="True" condition-coverage="0% (0/2)">
                  <conditions>
                    <condition number="8" type="jump" coverage="0%" />
                  </conditions>
                </line>
                <line number="173" hits="0" branch="False" />
                <line number="174" hits="0" branch="False" />
              </lines>
            </method>
          </methods>
          <lines>
            <line number="167" hits="0" branch="False" />
            <line number="172" hits="0" branch="True" condition-coverage="0% (0/2)">
              <conditions>
                <condition number="8" type="jump" coverage="0%" />
              </conditions>
            </line>
            <line number="173" hits="0" branch="False" />
            <line number="174" hits="0" branch="False" />
          </lines>
        </class>
        <class name="Simplee.DSystems.Envelope" filename="core\kernel.fs" line-rate="0" branch-rate="0" complexity="33">
          <methods>
            <method name="CompareTo" signature="(System.Object)" line-rate="0" branch-rate="1" complexity="1">
              <lines>
                <line number="193" hits="0" branch="False" />
              </lines>
            </method>
            <method name="ToString" signature="()" line-rate="0" branch-rate="0" complexity="10">
              <lines>
                <line number="201" hits="0" branch="False" />
                <line number="202" hits="0" branch="True" condition-coverage="0% (0/10)">
                  <conditions>
                    <condition number="79" type="jump" coverage="0%" />
                    <condition number="92" type="jump" coverage="0%" />
                    <condition number="116" type="jump" coverage="0%" />
                    <condition number="133" type="jump" coverage="0%" />
                    <condition number="197" type="jump" coverage="0%" />
                  </conditions>
                </line>
              </lines>
            </method>
          </methods>
          <lines>
            <line number="193" hits="0" branch="False" />
            <line number="201" hits="0" branch="False" />
            <line number="202" hits="0" branch="True" condition-coverage="0% (0/10)">
              <conditions>
                <condition number="79" type="jump" coverage="0%" />
                <condition number="92" type="jump" coverage="0%" />
                <condition number="116" type="jump" coverage="0%" />
                <condition number="133" type="jump" coverage="0%" />
                <condition number="197" type="jump" coverage="0%" />
              </conditions>
            </line>
          </lines>
        </class>
        <class name="Simplee.DSystems.Weight" filename="core\kernel.fs" line-rate="0" branch-rate="0" complexity="23">
          <methods>
            <method name="CompareTo" signature="(System.Object)" line-rate="0" branch-rate="1" complexity="1">
              <lines>
                <line number="246" hits="0" branch="False" />
              </lines>
            </method>
            <method name="ToString" signature="()" line-rate="0" branch-rate="0" complexity="2">
              <lines>
                <line number="251" hits="0" branch="True" condition-coverage="0% (0/2)">
                  <conditions>
                    <condition number="8" type="jump" coverage="0%" />
                  </conditions>
                </line>
                <line number="252" hits="0" branch="False" />
                <line number="253" hits="0" branch="False" />
              </lines>
            </method>
          </methods>
          <lines>
            <line number="246" hits="0" branch="False" />
            <line number="251" hits="0" branch="True" condition-coverage="0% (0/2)">
              <conditions>
                <condition number="8" type="jump" coverage="0%" />
              </conditions>
            </line>
            <line number="252" hits="0" branch="False" />
            <line number="253" hits="0" branch="False" />
          </lines>
        </class>
        <class name="Simplee.DSystems.Direction" filename="core\kernel.fs" line-rate="0" branch-rate="0" complexity="9">
          <methods>
            <method name="CompareTo" signature="(System.Object)" line-rate="0" branch-rate="1" complexity="1">
              <lines>
                <line number="254" hits="0" branch="False" />
              </lines>
            </method>
          </methods>
          <lines>
            <line number="254" hits="0" branch="False" />
          </lines>
        </class>
        <class name="Simplee.DSystems.LinkData" filename="core\kernel.fs" line-rate="0" branch-rate="0" complexity="19">
          <methods>
            <method name="CompareTo" signature="(System.Object)" line-rate="0" branch-rate="1" complexity="1">
              <lines>
                <line number="258" hits="0" branch="False" />
              </lines>
            </method>
          </methods>
          <lines>
            <line number="258" hits="0" branch="False" />
          </lines>
        </class>
        <class name="Simplee.DSystems.Link" filename="core\kernel.fs" line-rate="0" branch-rate="0" complexity="15">
          <methods>
            <method name="CompareTo" signature="(System.Object)" line-rate="0" branch-rate="1" complexity="1">
              <lines>
                <line number="263" hits="0" branch="False" />
              </lines>
            </method>
          </methods>
          <lines>
            <line number="263" hits="0" branch="False" />
          </lines>
        </class>
        <class name="Simplee.DSystems.Neighbor" filename="core\kernel.fs" line-rate="0" branch-rate="0" complexity="47">
          <methods>
            <method name="CompareTo" signature="(System.Object)" line-rate="0" branch-rate="1" complexity="1">
              <lines>
                <line number="325" hits="0" branch="False" />
              </lines>
            </method>
          </methods>
          <lines>
            <line number="325" hits="0" branch="False" />
          </lines>
        </class>
        <class name="Simplee.DSystems.ApiArguments" filename="core\kernel.fs" line-rate="0" branch-rate="0" complexity="3">
          <methods>
            <method name="GetHashCode" signature="()" line-rate="0" branch-rate="1" complexity="1">
              <lines>
                <line number="383" hits="0" branch="False" />
              </lines>
            </method>
          </methods>
          <lines>
            <line number="383" hits="0" branch="False" />
          </lines>
        </class>
        <class name="Simplee.DSystems.TrcConfiguration" filename="core\kernel.fs" line-rate="0" branch-rate="0" complexity="21">
          <methods>
            <method name="CompareTo" signature="(System.Object)" line-rate="0" branch-rate="1" complexity="1">
              <lines>
                <line number="394" hits="0" branch="False" />
              </lines>
            </method>
            <method name="ToString" signature="()" line-rate="0" branch-rate="0" complexity="2">
              <lines>
                <line number="399" hits="0" branch="True" condition-coverage="0% (0/2)">
                  <conditions>
                    <condition number="8" type="jump" coverage="0%" />
                  </conditions>
                </line>
                <line number="400" hits="0" branch="False" />
                <line number="401" hits="0" branch="False" />
              </lines>
            </method>
          </methods>
          <lines>
            <line number="394" hits="0" branch="False" />
            <line number="399" hits="0" branch="True" condition-coverage="0% (0/2)">
              <conditions>
                <condition number="8" type="jump" coverage="0%" />
              </conditions>
            </line>
            <line number="400" hits="0" branch="False" />
            <line number="401" hits="0" branch="False" />
          </lines>
        </class>
        <class name="Simplee.DSystems.TrcSystem" filename="core\kernel.fs" line-rate="0" branch-rate="0" complexity="19">
          <methods>
            <method name="CompareTo" signature="(System.Object)" line-rate="0" branch-rate="1" complexity="1">
              <lines>
                <line number="402" hits="0" branch="False" />
              </lines>
            </method>
            <method name="ToString" signature="()" line-rate="0" branch-rate="0" complexity="5">
              <lines>
                <line number="409" hits="0" branch="True" condition-coverage="0% (0/5)">
                  <conditions>
                    <condition number="8" type="switch" coverage="0%" />
                  </conditions>
                </line>
                <line number="410" hits="0" branch="False" />
                <line number="411" hits="0" branch="False" />
                <line number="412" hits="0" branch="False" />
                <line number="413" hits="0" branch="False" />
              </lines>
            </method>
          </methods>
          <lines>
            <line number="402" hits="0" branch="False" />
            <line number="409" hits="0" branch="True" condition-coverage="0% (0/5)">
              <conditions>
                <condition number="8" type="switch" coverage="0%" />
              </conditions>
            </line>
            <line number="410" hits="0" branch="False" />
            <line number="411" hits="0" branch="False" />
            <line number="412" hits="0" branch="False" />
            <line number="413" hits="0" branch="False" />
          </lines>
        </class>
        <class name="Simplee.DSystems.TrcKernel" filename="core\kernel.fs" line-rate="0" branch-rate="0" complexity="12">
          <methods>
            <method name="GetHashCode" signature="()" line-rate="0" branch-rate="1" complexity="1">
              <lines>
                <line number="414" hits="0" branch="False" />
              </lines>
            </method>
            <method name="ToString" signature="()" line-rate="0" branch-rate="0" complexity="9">
              <lines>
                <line number="421" hits="0" branch="True" condition-coverage="0% (0/5)">
                  <conditions>
                    <condition number="8" type="switch" coverage="0%" />
                  </conditions>
                </line>
                <line number="423" hits="0" branch="True" condition-coverage="0% (0/4)">
                  <conditions>
                    <condition number="68" type="jump" coverage="0%" />
                    <condition number="85" type="jump" coverage="0%" />
                  </conditions>
                </line>
                <line number="424" hits="0" branch="False" />
                <line number="425" hits="0" branch="False" />
                <line number="426" hits="0" branch="False" />
                <line number="427" hits="0" branch="False" />
                <line number="428" hits="0" branch="False" />
                <line number="429" hits="0" branch="False" />
              </lines>
            </method>
          </methods>
          <lines>
            <line number="414" hits="0" branch="False" />
            <line number="421" hits="0" branch="True" condition-coverage="0% (0/5)">
              <conditions>
                <condition number="8" type="switch" coverage="0%" />
              </conditions>
            </line>
            <line number="423" hits="0" branch="True" condition-coverage="0% (0/4)">
              <conditions>
                <condition number="68" type="jump" coverage="0%" />
                <condition number="85" type="jump" coverage="0%" />
              </conditions>
            </line>
            <line number="424" hits="0" branch="False" />
            <line number="425" hits="0" branch="False" />
            <line number="426" hits="0" branch="False" />
            <line number="427" hits="0" branch="False" />
            <line number="428" hits="0" branch="False" />
            <line number="429" hits="0" branch="False" />
          </lines>
        </class>
        <class name="Simplee.DSystems.TrcProcess" filename="core\kernel.fs" line-rate="0" branch-rate="0" complexity="65">
          <methods>
            <method name="CompareTo" signature="(System.Object)" line-rate="0" branch-rate="1" complexity="1">
              <lines>
                <line number="430" hits="0" branch="False" />
              </lines>
            </method>
            <method name="ToString" signature="()" line-rate="0" branch-rate="0" complexity="10">
              <lines>
                <line number="438" hits="0" branch="True" condition-coverage="0% (0/6)">
                  <conditions>
                    <condition number="8" type="switch" coverage="0%" />
                  </conditions>
                </line>
                <line number="439" hits="0" branch="False" />
                <line number="440" hits="0" branch="False" />
                <line number="442" hits="0" branch="True" condition-coverage="0% (0/4)">
                  <conditions>
                    <condition number="232" type="jump" coverage="0%" />
                    <condition number="250" type="jump" coverage="0%" />
                  </conditions>
                </line>
                <line number="443" hits="0" branch="False" />
                <line number="444" hits="0" branch="False" />
                <line number="445" hits="0" branch="False" />
                <line number="446" hits="0" branch="False" />
                <line number="447" hits="0" branch="False" />
              </lines>
            </method>
          </methods>
          <lines>
            <line number="430" hits="0" branch="False" />
            <line number="438" hits="0" branch="True" condition-coverage="0% (0/6)">
              <conditions>
                <condition number="8" type="switch" coverage="0%" />
              </conditions>
            </line>
            <line number="439" hits="0" branch="False" />
            <line number="440" hits="0" branch="False" />
            <line number="442" hits="0" branch="True" condition-coverage="0% (0/4)">
              <conditions>
                <condition number="232" type="jump" coverage="0%" />
                <condition number="250" type="jump" coverage="0%" />
              </conditions>
            </line>
            <line number="443" hits="0" branch="False" />
            <line number="444" hits="0" branch="False" />
            <line number="445" hits="0" branch="False" />
            <line number="446" hits="0" branch="False" />
            <line number="447" hits="0" branch="False" />
          </lines>
        </class>
        <class name="Simplee.DSystems.TrcEntry" filename="core\kernel.fs" line-rate="0" branch-rate="0" complexity="7">
          <methods>
            <method name="GetHashCode" signature="()" line-rate="0" branch-rate="1" complexity="1">
              <lines>
                <line number="448" hits="0" branch="False" />
              </lines>
            </method>
            <method name="ToString" signature="()" line-rate="0" branch-rate="0" complexity="4">
              <lines>
                <line number="454" hits="0" branch="True" condition-coverage="0% (0/4)">
                  <conditions>
                    <condition number="10" type="jump" coverage="0%" />
                    <condition number="18" type="jump" coverage="0%" />
                  </conditions>
                </line>
                <line number="455" hits="0" branch="False" />
                <line number="456" hits="0" branch="False" />
                <line number="457" hits="0" branch="False" />
              </lines>
            </method>
          </methods>
          <lines>
            <line number="448" hits="0" branch="False" />
            <line number="454" hits="0" branch="True" condition-coverage="0% (0/4)">
              <conditions>
                <condition number="10" type="jump" coverage="0%" />
                <condition number="18" type="jump" coverage="0%" />
              </conditions>
            </line>
            <line number="455" hits="0" branch="False" />
            <line number="456" hits="0" branch="False" />
            <line number="457" hits="0" branch="False" />
          </lines>
        </class>
        <class name="Simplee.DSystems.LogEntry" filename="core\kernel.fs" line-rate="0" branch-rate="0" complexity="4">
          <methods>
            <method name="GetHashCode" signature="()" line-rate="0" branch-rate="1" complexity="1">
              <lines>
                <line number="501" hits="0" branch="False" />
              </lines>
            </method>
            <method name="ToString" signature="()" line-rate="0" branch-rate="1" complexity="1">
              <lines>
                <line number="506" hits="0" branch="False" />
                <line number="508" hits="0" branch="False" />
                <line number="509" hits="0" branch="False" />
                <line number="511" hits="0" branch="False" />
              </lines>
            </method>
          </methods>
          <lines>
            <line number="501" hits="0" branch="False" />
            <line number="506" hits="0" branch="False" />
            <line number="508" hits="0" branch="False" />
            <line number="509" hits="0" branch="False" />
            <line number="511" hits="0" branch="False" />
          </lines>
        </class>
        <class name="Simplee.DSystems.ProcessState" filename="core\kernel.fs" line-rate="0" branch-rate="0" complexity="3">
          <methods>
            <method name="GetHashCode" signature="()" line-rate="0" branch-rate="1" complexity="1">
              <lines>
                <line number="583" hits="0" branch="False" />
              </lines>
            </method>
          </methods>
          <lines>
            <line number="583" hits="0" branch="False" />
          </lines>
        </class>
        <class name="Simplee.DSystems.ApiResult" filename="core\kernel.fs" line-rate="0" branch-rate="0" complexity="3">
          <methods>
            <method name="GetHashCode" signature="()" line-rate="0" branch-rate="1" complexity="1">
              <lines>
                <line number="584" hits="0" branch="False" />
              </lines>
            </method>
          </methods>
          <lines>
            <line number="584" hits="0" branch="False" />
          </lines>
        </class>
        <class name="Simplee.DSystems.StateUtils" filename="core\kernel.fs" line-rate="0" branch-rate="1" complexity="5">
          <methods>
            <method name="withMessage" signature="(System.String,a,Microsoft.FSharp.Collections.FSharpList`1&lt;Simplee.DSystems.Envelope&gt;)" line-rate="0" branch-rate="1" complexity="1">
              <lines>
                <line number="1064" hits="0" branch="False" />
              </lines>
            </method>
            <method name="withNoEnvelopes" signature="(a)" line-rate="0" branch-rate="1" complexity="1">
              <lines>
                <line number="1065" hits="0" branch="False" />
              </lines>
            </method>
            <method name="withAsyncFlow" signature="(Microsoft.FSharp.Core.FSharpFunc`2&lt;a,Microsoft.FSharp.Control.FSharpAsync`1&lt;Microsoft.FSharp.Core.Unit&gt;&gt;,b,Microsoft.FSharp.Collections.FSharpList`1&lt;Simplee.DSystems.Envelope&gt;,System.String)" line-rate="0" branch-rate="1" complexity="1">
              <lines>
                <line number="1066" hits="0" branch="False" />
              </lines>
            </method>
            <method name="notSupported" signature="(System.String,a)" line-rate="0" branch-rate="1" complexity="1">
              <lines>
                <line number="1068" hits="0" branch="False" />
              </lines>
            </method>
            <method name="aempty" signature="(a)" line-rate="0" branch-rate="1" complexity="1">
              <lines>
                <line number="1070" hits="0" branch="False" />
              </lines>
            </method>
          </methods>
          <lines>
            <line number="1064" hits="0" branch="False" />
            <line number="1065" hits="0" branch="False" />
            <line number="1066" hits="0" branch="False" />
            <line number="1068" hits="0" branch="False" />
            <line number="1070" hits="0" branch="False" />
          </lines>
        </class>
        <class name="Simplee.DSystems.Kernel" filename="core\kernel.fs" line-rate="0" branch-rate="1" complexity="23">
          <methods>
            <method name="create" signature="()" line-rate="0" branch-rate="1" complexity="1">
              <lines>
                <line number="823" hits="0" branch="False" />
                <line number="824" hits="0" branch="False" />
                <line number="825" hits="0" branch="False" />
                <line number="942" hits="0" branch="False" />
                <line number="943" hits="0" branch="False" />
                <line number="944" hits="0" branch="False" />
                <line number="945" hits="0" branch="False" />
                <line number="946" hits="0" branch="False" />
                <line number="947" hits="0" branch="False" />
                <line number="948" hits="0" branch="False" />
                <line number="949" hits="0" branch="False" />
                <line number="950" hits="0" branch="False" />
                <line number="951" hits="0" branch="False" />
                <line number="952" hits="0" branch="False" />
                <line number="953" hits="0" branch="False" />
                <line number="954" hits="0" branch="False" />
                <line number="955" hits="0" branch="False" />
                <line number="956" hits="0" branch="False" />
                <line number="957" hits="0" branch="False" />
                <line number="958" hits="0" branch="False" />
                <line number="959" hits="0" branch="False" />
                <line number="960" hits="0" branch="False" />
                <line number="961" hits="0" branch="False" />
                <line number="962" hits="0" branch="False" />
                <line number="963" hits="0" branch="False" />
                <line number="964" hits="0" branch="False" />
                <line number="965" hits="0" branch="False" />
                <line number="966" hits="0" branch="False" />
                <line number="967" hits="0" branch="False" />
                <line number="968" hits="0" branch="False" />
                <line number="969" hits="0" branch="False" />
                <line number="970" hits="0" branch="False" />
                <line number="971" hits="0" branch="False" />
                <line number="972" hits="0" branch="False" />
                <line number="973" hits="0" branch="False" />
                <line number="974" hits="0" branch="False" />
                <line number="975" hits="0" branch="False" />
                <line number="976" hits="0" branch="False" />
                <line number="977" hits="0" branch="False" />
                <line number="978" hits="0" branch="False" />
                <line number="979" hits="0" branch="False" />
                <line number="980" hits="0" branch="False" />
                <line number="981" hits="0" branch="False" />
                <line number="982" hits="0" branch="False" />
                <line number="984" hits="0" branch="False" />
                <line number="985" hits="0" branch="False" />
                <line number="987" hits="0" branch="False" />
                <line number="988" hits="0" branch="False" />
                <line number="989" hits="0" branch="False" />
                <line number="990" hits="0" branch="False" />
                <line number="991" hits="0" branch="False" />
                <line number="992" hits="0" branch="False" />
              </lines>
            </method>
            <method name="runWithKernel" signature="(Simplee.DSystems.IKernelPub,Microsoft.FSharp.Core.FSharpFunc`2&lt;Simplee.DSystems.IKernelPub,Microsoft.FSharp.Control.FSharpAsync`1&lt;a&gt;&gt;)" line-rate="0" branch-rate="1" complexity="1">
              <lines>
                <line number="994" hits="0" branch="False" />
              </lines>
            </method>
            <method name="runSyncWithKernel" signature="(Simplee.DSystems.IKernelPub,Microsoft.FSharp.Core.FSharpFunc`2&lt;Simplee.DSystems.IKernelPub,Microsoft.FSharp.Control.FSharpAsync`1&lt;a&gt;&gt;)" line-rate="0" branch-rate="1" complexity="1">
              <lines>
                <line number="995" hits="0" branch="False" />
              </lines>
            </method>
            <method name="run" signature="(Microsoft.FSharp.Core.FSharpFunc`2&lt;Simplee.DSystems.IKernelPub,Microsoft.FSharp.Control.FSharpAsync`1&lt;a&gt;&gt;)" line-rate="0" branch-rate="1" complexity="1">
              <lines>
                <line number="997" hits="0" branch="False" />
              </lines>
            </method>
            <method name="runSync" signature="(Microsoft.FSharp.Core.FSharpFunc`2&lt;Simplee.DSystems.IKernelPub,Microsoft.FSharp.Control.FSharpAsync`1&lt;a&gt;&gt;)" line-rate="0" branch-rate="1" complexity="1">
              <lines>
                <line number="998" hits="0" branch="False" />
              </lines>
            </method>
            <method name="sleep" signature="(System.Int32,Simplee.DSystems.IKernelPub)" line-rate="0" branch-rate="1" complexity="1">
              <lines>
                <line number="1001" hits="0" branch="False" />
              </lines>
            </method>
            <method name="spawn" signature="(Simplee.DSystems.ProcessCfg,Simplee.DSystems.IKernelPub)" line-rate="0" branch-rate="1" complexity="1">
              <lines>
                <line number="1005" hits="0" branch="False" />
                <line number="1006" hits="0" branch="False" />
                <line number="1007" hits="0" branch="False" />
                <line number="1008" hits="0" branch="False" />
              </lines>
            </method>
            <method name="spawns" signature="(Microsoft.FSharp.Collections.FSharpList`1&lt;Simplee.DSystems.ProcessCfg&gt;,Simplee.DSystems.IKernelPub)" line-rate="0" branch-rate="1" complexity="1">
              <lines>
                <line number="1012" hits="0" branch="False" />
                <line number="1013" hits="0" branch="False" />
              </lines>
            </method>
            <method name="addLinks" signature="(Microsoft.FSharp.Collections.FSharpList`1&lt;Simplee.DSystems.Link&gt;,Simplee.DSystems.IKernelPub)" line-rate="0" branch-rate="1" complexity="1">
              <lines>
                <line number="1017" hits="0" branch="False" />
                <line number="1018" hits="0" branch="False" />
              </lines>
            </method>
            <method name="logs" signature="(Simplee.DSystems.IKernelPub)" line-rate="0" branch-rate="1" complexity="1">
              <lines>
                <line number="1021" hits="0" branch="False" />
              </lines>
            </method>
            <method name="_apiCall" signature="(Simplee.DSystems.SessionId,Simplee.DSystems.ApiArguments,Simplee.DSystems.IProcessPub,Simplee.DSystems.IKernelPub)" line-rate="0" branch-rate="1" complexity="1">
              <lines>
                <line number="1026" hits="0" branch="False" />
              </lines>
            </method>
            <method name="apiCallWithArgs" signature="(Simplee.DSystems.SessionId,a,Simplee.DSystems.IProcessPub)" line-rate="0" branch-rate="1" complexity="1">
              <lines>
                <line number="1031" hits="0" branch="False" />
              </lines>
            </method>
            <method name="apiCallNoArgs" signature="(Simplee.DSystems.SessionId,Simplee.DSystems.IProcessPub)" line-rate="0" branch-rate="1" complexity="1">
              <lines>
                <line number="1035" hits="0" branch="False" />
              </lines>
            </method>
            <method name="ping" signature="(Simplee.DSystems.ProcessId,Simplee.DSystems.IKernelPub)" line-rate="0" branch-rate="1" complexity="1">
              <lines>
                <line number="1038" hits="0" branch="False" />
              </lines>
            </method>
            <method name="neighbors" signature="(Simplee.DSystems.IProcessPub,Simplee.DSystems.IKernelPub)" line-rate="0" branch-rate="1" complexity="1">
              <lines>
                <line number="1041" hits="0" branch="False" />
              </lines>
            </method>
            <method name="dbg" signature="(System.String,Simplee.DSystems.IKernelPub)" line-rate="0" branch-rate="1" complexity="1">
              <lines>
                <line number="1047" hits="0" branch="False" />
              </lines>
            </method>
            <method name="info" signature="(System.String,Simplee.DSystems.IKernelPub)" line-rate="0" branch-rate="1" complexity="1">
              <lines>
                <line number="1048" hits="0" branch="False" />
              </lines>
            </method>
            <method name="warn" signature="(System.String,Simplee.DSystems.IKernelPub)" line-rate="0" branch-rate="1" complexity="1">
              <lines>
                <line number="1049" hits="0" branch="False" />
              </lines>
            </method>
            <method name="err" signature="(System.String,Simplee.DSystems.IKernelPub)" line-rate="0" branch-rate="1" complexity="1">
              <lines>
                <line number="1050" hits="0" branch="False" />
              </lines>
            </method>
            <method name="dbgf" signature="(Microsoft.FSharp.Core.PrintfFormat`4&lt;Microsoft.FSharp.Core.FSharpFunc`2&lt;a,System.String&gt;,Microsoft.FSharp.Core.Unit,System.String,System.String&gt;)" line-rate="0" branch-rate="1" complexity="1">
              <lines>
                <line number="1052" hits="0" branch="False" />
              </lines>
            </method>
            <method name="infof" signature="(Microsoft.FSharp.Core.PrintfFormat`4&lt;Microsoft.FSharp.Core.FSharpFunc`2&lt;a,System.String&gt;,Microsoft.FSharp.Core.Unit,System.String,System.String&gt;)" line-rate="0" branch-rate="1" complexity="1">
              <lines>
                <line number="1053" hits="0" branch="False" />
              </lines>
            </method>
            <method name="warnf" signature="(Microsoft.FSharp.Core.PrintfFormat`4&lt;Microsoft.FSharp.Core.FSharpFunc`2&lt;a,System.String&gt;,Microsoft.FSharp.Core.Unit,System.String,System.String&gt;)" line-rate="0" branch-rate="1" complexity="1">
              <lines>
                <line number="1054" hits="0" branch="False" />
              </lines>
            </method>
            <method name="errf" signature="(Microsoft.FSharp.Core.PrintfFormat`4&lt;Microsoft.FSharp.Core.FSharpFunc`2&lt;a,System.String&gt;,Microsoft.FSharp.Core.Unit,System.String,System.String&gt;)" line-rate="0" branch-rate="1" complexity="1">
              <lines>
                <line number="1055" hits="0" branch="False" />
              </lines>
            </method>
          </methods>
          <lines>
            <line number="823" hits="0" branch="False" />
            <line number="824" hits="0" branch="False" />
            <line number="825" hits="0" branch="False" />
            <line number="942" hits="0" branch="False" />
            <line number="943" hits="0" branch="False" />
            <line number="944" hits="0" branch="False" />
            <line number="945" hits="0" branch="False" />
            <line number="946" hits="0" branch="False" />
            <line number="947" hits="0" branch="False" />
            <line number="948" hits="0" branch="False" />
            <line number="949" hits="0" branch="False" />
            <line number="950" hits="0" branch="False" />
            <line number="951" hits="0" branch="False" />
            <line number="952" hits="0" branch="False" />
            <line number="953" hits="0" branch="False" />
            <line number="954" hits="0" branch="False" />
            <line number="955" hits="0" branch="False" />
            <line number="956" hits="0" branch="False" />
            <line number="957" hits="0" branch="False" />
            <line number="958" hits="0" branch="False" />
            <line number="959" hits="0" branch="False" />
            <line number="960" hits="0" branch="False" />
            <line number="961" hits="0" branch="False" />
            <line number="962" hits="0" branch="False" />
            <line number="963" hits="0" branch="False" />
            <line number="964" hits="0" branch="False" />
            <line number="965" hits="0" branch="False" />
            <line number="966" hits="0" branch="False" />
            <line number="967" hits="0" branch="False" />
            <line number="968" hits="0" branch="False" />
            <line number="969" hits="0" branch="False" />
            <line number="970" hits="0" branch="False" />
            <line number="971" hits="0" branch="False" />
            <line number="972" hits="0" branch="False" />
            <line number="973" hits="0" branch="False" />
            <line number="974" hits="0" branch="False" />
            <line number="975" hits="0" branch="False" />
            <line number="976" hits="0" branch="False" />
            <line number="977" hits="0" branch="False" />
            <line number="978" hits="0" branch="False" />
            <line number="979" hits="0" branch="False" />
            <line number="980" hits="0" branch="False" />
            <line number="981" hits="0" branch="False" />
            <line number="982" hits="0" branch="False" />
            <line number="984" hits="0" branch="False" />
            <line number="985" hits="0" branch="False" />
            <line number="987" hits="0" branch="False" />
            <line number="988" hits="0" branch="False" />
            <line number="989" hits="0" branch="False" />
            <line number="990" hits="0" branch="False" />
            <line number="991" hits="0" branch="False" />
            <line number="992" hits="0" branch="False" />
            <line number="994" hits="0" branch="False" />
            <line number="995" hits="0" branch="False" />
            <line number="997" hits="0" branch="False" />
            <line number="998" hits="0" branch="False" />
            <line number="1001" hits="0" branch="False" />
            <line number="1005" hits="0" branch="False" />
            <line number="1006" hits="0" branch="False" />
            <line number="1007" hits="0" branch="False" />
            <line number="1008" hits="0" branch="False" />
            <line number="1012" hits="0" branch="False" />
            <line number="1013" hits="0" branch="False" />
            <line number="1017" hits="0" branch="False" />
            <line number="1018" hits="0" branch="False" />
            <line number="1021" hits="0" branch="False" />
            <line number="1026" hits="0" branch="False" />
            <line number="1031" hits="0" branch="False" />
            <line number="1035" hits="0" branch="False" />
            <line number="1038" hits="0" branch="False" />
            <line number="1041" hits="0" branch="False" />
            <line number="1047" hits="0" branch="False" />
            <line number="1048" hits="0" branch="False" />
            <line number="1049" hits="0" branch="False" />
            <line number="1050" hits="0" branch="False" />
            <line number="1052" hits="0" branch="False" />
            <line number="1053" hits="0" branch="False" />
            <line number="1054" hits="0" branch="False" />
            <line number="1055" hits="0" branch="False" />
          </lines>
        </class>
        <class name="Simplee.DSystems.Kernel/Pickler" filename="core\kernel.fs" line-rate="0" branch-rate="1" complexity="3">
          <methods>
            <method name="Simplee.DSystems.ISerializer.Serialize" signature="(b)" line-rate="0" branch-rate="1" complexity="1">
              <lines>
                <line number="784" hits="0" branch="False" />
              </lines>
            </method>
            <method name="Simplee.DSystems.ISerializer.Deserialize" signature="(System.Byte[])" line-rate="0" branch-rate="1" complexity="1">
              <lines>
                <line number="785" hits="0" branch="False" />
              </lines>
            </method>
            <method name=".ctor" signature="()" line-rate="0" branch-rate="1" complexity="1">
              <lines>
                <line number="780" hits="0" branch="False" />
                <line number="781" hits="0" branch="False" />
              </lines>
            </method>
          </methods>
          <lines>
            <line number="784" hits="0" branch="False" />
            <line number="785" hits="0" branch="False" />
            <line number="780" hits="0" branch="False" />
            <line number="781" hits="0" branch="False" />
          </lines>
        </class>
        <class name="Simplee.DSystems.Kernel/KProcess" filename="core\kernel.fs" line-rate="0" branch-rate="0" complexity="4">
          <methods>
            <method name="GetHashCode" signature="()" line-rate="0" branch-rate="1" complexity="1">
              <lines>
                <line number="787" hits="0" branch="False" />
              </lines>
            </method>
            <method name="ToString" signature="()" line-rate="0" branch-rate="1" complexity="1">
              <lines>
                <line number="792" hits="0" branch="False" />
              </lines>
            </method>
          </methods>
          <lines>
            <line number="787" hits="0" branch="False" />
            <line number="792" hits="0" branch="False" />
          </lines>
        </class>
        <class name="Simplee.DSystems.Kernel/State" filename="core\kernel.fs" line-rate="0" branch-rate="0" complexity="3">
          <methods>
            <method name="GetHashCode" signature="()" line-rate="0" branch-rate="1" complexity="1">
              <lines>
                <line number="794" hits="0" branch="False" />
              </lines>
            </method>
          </methods>
          <lines>
            <line number="794" hits="0" branch="False" />
          </lines>
        </class>
        <class name="Simplee.DSystems.Kernel/PMessage" filename="core\kernel.fs" line-rate="0" branch-rate="0" complexity="3">
          <methods>
            <method name="GetHashCode" signature="()" line-rate="0" branch-rate="1" complexity="1">
              <lines>
                <line number="815" hits="0" branch="False" />
              </lines>
            </method>
          </methods>
          <lines>
            <line number="815" hits="0" branch="False" />
          </lines>
        </class>
        <class name="Simplee.DSystems.Kernel/tMakeProcess@827" filename="core\kernel.fs" line-rate="0" branch-rate="1" complexity="1">
          <methods>
            <method name="Invoke" signature="(Simplee.DSystems.ProcessId)" line-rate="0" branch-rate="1" complexity="1">
              <lines>
                <line number="827" hits="0" branch="False" />
              </lines>
            </method>
          </methods>
          <lines>
            <line number="827" hits="0" branch="False" />
          </lines>
        </class>
        <class name="Simplee.DSystems.Kernel/tAddNeighbors@828" filename="core\kernel.fs" line-rate="0" branch-rate="1" complexity="1">
          <methods>
            <method name="Invoke" signature="(Simplee.DSystems.ProcessId,Microsoft.FSharp.Collections.FSharpList`1&lt;Simplee.DSystems.Neighbor&gt;)" line-rate="0" branch-rate="1" complexity="1">
              <lines>
                <line number="828" hits="0" branch="False" />
              </lines>
            </method>
          </methods>
          <lines>
            <line number="828" hits="0" branch="False" />
          </lines>
        </class>
        <class name="Simplee.DSystems.Kernel/tDispatching@830" filename="core\kernel.fs" line-rate="0" branch-rate="1" complexity="1">
          <methods>
            <method name="Invoke" signature="(Microsoft.FSharp.Collections.FSharpList`1&lt;Simplee.DSystems.Envelope&gt;)" line-rate="0" branch-rate="1" complexity="1">
              <lines>
                <line number="830" hits="0" branch="False" />
              </lines>
            </method>
          </methods>
          <lines>
            <line number="830" hits="0" branch="False" />
          </lines>
        </class>
        <class name="Simplee.DSystems.Kernel/tDelivered@831" filename="core\kernel.fs" line-rate="0" branch-rate="1" complexity="1">
          <methods>
            <method name="Invoke" signature="(Simplee.DSystems.ProcessId,Simplee.DSystems.Envelope)" line-rate="0" branch-rate="1" complexity="1">
              <lines>
                <line number="831" hits="0" branch="False" />
              </lines>
            </method>
          </methods>
          <lines>
            <line number="831" hits="0" branch="False" />
          </lines>
        </class>
        <class name="Simplee.DSystems.Kernel/tApiCalled@832" filename="core\kernel.fs" line-rate="0" branch-rate="1" complexity="1">
          <methods>
            <method name="Invoke" signature="(Simplee.DSystems.ProcessId,Simplee.DSystems.SessionId,Simplee.DSystems.ApiArguments)" line-rate="0" branch-rate="1" complexity="1">
              <lines>
                <line number="832" hits="0" branch="False" />
              </lines>
            </method>
          </methods>
          <lines>
            <line number="832" hits="0" branch="False" />
          </lines>
        </class>
        <class name="Simplee.DSystems.Kernel/loop@849-11" filename="core\kernel.fs" line-rate="0" branch-rate="1" complexity="1">
          <methods>
            <method name="Invoke" signature="(System.Tuple`2&lt;Simplee.DSystems.ProcessState,Microsoft.FSharp.Collections.FSharpList`1&lt;Simplee.DSystems.Envelope&gt;&gt;)" line-rate="0" branch-rate="1" complexity="1">
              <lines>
                <line number="848" hits="0" branch="False" />
                <line number="849" hits="0" branch="False" />
                <line number="850" hits="0" branch="False" />
              </lines>
            </method>
          </methods>
          <lines>
            <line number="848" hits="0" branch="False" />
            <line number="849" hits="0" branch="False" />
            <line number="850" hits="0" branch="False" />
          </lines>
        </class>
        <class name="Simplee.DSystems.Kernel/loop@848-10" filename="core\kernel.fs" line-rate="0" branch-rate="1" complexity="1">
          <methods>
            <method name="Invoke" signature="(Microsoft.FSharp.Core.Unit)" line-rate="0" branch-rate="1" complexity="1">
              <lines>
                <line number="846" hits="0" branch="False" />
              </lines>
            </method>
          </methods>
          <lines>
            <line number="846" hits="0" branch="False" />
          </lines>
        </class>
        <class name="Simplee.DSystems.Kernel/loop@860-16" filename="core\kernel.fs" line-rate="0" branch-rate="1" complexity="1">
          <methods>
            <method name="Invoke" signature="(Microsoft.FSharp.Core.Unit)" line-rate="0" branch-rate="1" complexity="1">
              <lines>
                <line number="858" hits="0" branch="False" />
                <line number="860" hits="0" branch="False" />
              </lines>
            </method>
          </methods>
          <lines>
            <line number="858" hits="0" branch="False" />
            <line number="860" hits="0" branch="False" />
          </lines>
        </class>
        <class name="Simplee.DSystems.Kernel/loop@857-15" filename="core\kernel.fs" line-rate="0" branch-rate="1" complexity="1">
          <methods>
            <method name="Invoke" signature="(System.Tuple`3&lt;Simplee.DSystems.ProcessState,Microsoft.FSharp.Collections.FSharpList`1&lt;Simplee.DSystems.Envelope&gt;,Simplee.DSystems.ApiResult&gt;)" line-rate="0" branch-rate="1" complexity="1">
              <lines>
                <line number="856" hits="0" branch="False" />
                <line number="857" hits="0" branch="False" />
              </lines>
            </method>
          </methods>
          <lines>
            <line number="856" hits="0" branch="False" />
            <line number="857" hits="0" branch="False" />
          </lines>
        </class>
        <class name="Simplee.DSystems.Kernel/loop@856-14" filename="core\kernel.fs" line-rate="0" branch-rate="1" complexity="1">
          <methods>
            <method name="Invoke" signature="(Microsoft.FSharp.Core.Unit)" line-rate="0" branch-rate="1" complexity="1">
              <lines>
                <line number="854" hits="0" branch="False" />
              </lines>
            </method>
          </methods>
          <lines>
            <line number="854" hits="0" branch="False" />
          </lines>
        </class>
        <class name="Simplee.DSystems.Kernel/loop@869-22" filename="core\kernel.fs" line-rate="0" branch-rate="1" complexity="1">
          <methods>
            <method name="Invoke" signature="(Microsoft.FSharp.Core.Unit)" line-rate="0" branch-rate="1" complexity="1">
              <lines>
                <line number="867" hits="0" branch="False" />
                <line number="869" hits="0" branch="False" />
              </lines>
            </method>
          </methods>
          <lines>
            <line number="867" hits="0" branch="False" />
            <line number="869" hits="0" branch="False" />
          </lines>
        </class>
        <class name="Simplee.DSystems.Kernel/loop@867-21" filename="core\kernel.fs" line-rate="0" branch-rate="1" complexity="1">
          <methods>
            <method name="Invoke" signature="(System.Tuple`2&lt;Simplee.DSystems.ProcessState,Microsoft.FSharp.Collections.FSharpList`1&lt;Simplee.DSystems.Envelope&gt;&gt;)" line-rate="0" branch-rate="1" complexity="1">
              <lines>
                <line number="866" hits="0" branch="False" />
              </lines>
            </method>
          </methods>
          <lines>
            <line number="866" hits="0" branch="False" />
          </lines>
        </class>
        <class name="Simplee.DSystems.Kernel/loop@866-20" filename="core\kernel.fs" line-rate="0" branch-rate="1" complexity="1">
          <methods>
            <method name="Invoke" signature="(Microsoft.FSharp.Core.Unit)" line-rate="0" branch-rate="1" complexity="1">
              <lines>
                <line number="864" hits="0" branch="False" />
              </lines>
            </method>
          </methods>
          <lines>
            <line number="864" hits="0" branch="False" />
          </lines>
        </class>
        <class name="Simplee.DSystems.Kernel/loop@843-9" filename="core\kernel.fs" line-rate="0" branch-rate="0" complexity="6">
          <methods>
            <method name="Invoke" signature="(Simplee.DSystems.Kernel/PMessage)" line-rate="0" branch-rate="0" complexity="6">
              <lines>
                <line number="843" hits="0" branch="True" condition-coverage="0% (0/6)">
                  <conditions>
                    <condition number="8" type="switch" coverage="0%" />
                  </conditions>
                </line>
                <line number="872" hits="0" branch="False" />
                <line number="873" hits="0" branch="False" />
                <line number="876" hits="0" branch="False" />
                <line number="877" hits="0" branch="False" />
              </lines>
            </method>
          </methods>
          <lines>
            <line number="843" hits="0" branch="True" condition-coverage="0% (0/6)">
              <conditions>
                <condition number="8" type="switch" coverage="0%" />
              </conditions>
            </line>
            <line number="872" hits="0" branch="False" />
            <line number="873" hits="0" branch="False" />
            <line number="876" hits="0" branch="False" />
            <line number="877" hits="0" branch="False" />
          </lines>
        </class>
        <class name="Simplee.DSystems.Kernel/loop@841-8" filename="core\kernel.fs" line-rate="0" branch-rate="1" complexity="1">
          <methods>
            <method name="Invoke" signature="(Microsoft.FSharp.Core.Unit)" line-rate="0" branch-rate="1" complexity="1">
              <lines>
                <line number="841" hits="0" branch="False" />
              </lines>
            </method>
          </methods>
          <lines>
            <line number="841" hits="0" branch="False" />
          </lines>
        </class>
        <class name="Simplee.DSystems.Kernel/loop@840-7T" filename="core\kernel.fs" line-rate="0" branch-rate="1" complexity="1">
          <methods>
            <method name="Invoke" signature="(Simplee.DSystems.Kernel/PState)" line-rate="0" branch-rate="1" complexity="1">
              <lines>
                <line number="840" hits="0" branch="False" />
              </lines>
            </method>
          </methods>
          <lines>
            <line number="840" hits="0" branch="False" />
          </lines>
        </class>
        <class name="Simplee.DSystems.Kernel/pbox@839" filename="core\kernel.fs" line-rate="0" branch-rate="1" complexity="1">
          <methods>
            <method name="Invoke" signature="(Microsoft.FSharp.Control.FSharpMailboxProcessor`1&lt;Simplee.DSystems.Kernel/PMessage&gt;)" line-rate="0" branch-rate="1" complexity="1">
              <lines>
                <line number="880" hits="0" branch="False" />
                <line number="881" hits="0" branch="False" />
                <line number="882" hits="0" branch="False" />
                <line number="883" hits="0" branch="False" />
                <line number="884" hits="0" branch="False" />
                <line number="885" hits="0" branch="False" />
              </lines>
            </method>
          </methods>
          <lines>
            <line number="880" hits="0" branch="False" />
            <line number="881" hits="0" branch="False" />
            <line number="882" hits="0" branch="False" />
            <line number="883" hits="0" branch="False" />
            <line number="884" hits="0" branch="False" />
            <line number="885" hits="0" branch="False" />
          </lines>
        </class>
        <class name="Simplee.DSystems.Kernel/mkProcess@888-2" filename="core\kernel.fs" line-rate="0" branch-rate="1" complexity="1">
          <methods>
            <method name="Invoke" signature="(Microsoft.FSharp.Control.AsyncActivation`1&lt;Simplee.DSystems.ProcessId&gt;)" line-rate="0" branch-rate="1" complexity="1">
              <lines>
                <line number="888" hits="0" branch="False" />
              </lines>
            </method>
          </methods>
          <lines>
            <line number="888" hits="0" branch="False" />
          </lines>
        </class>
        <class name="Simplee.DSystems.Kernel/mkProcess@889-3" filename="core\kernel.fs" line-rate="0" branch-rate="1" complexity="1">
          <methods>
            <method name="Invoke" signature="(Microsoft.FSharp.Control.FSharpAsyncReplyChannel`1&lt;Microsoft.FSharp.Collections.FSharpList`1&lt;Simplee.DSystems.Neighbor&gt;&gt;)" line-rate="0" branch-rate="1" complexity="1">
              <lines>
                <line number="889" hits="0" branch="False" />
              </lines>
            </method>
          </methods>
          <lines>
            <line number="889" hits="0" branch="False" />
          </lines>
        </class>
        <class name="Simplee.DSystems.Kernel/mkProcess@890-4" filename="core\kernel.fs" line-rate="0" branch-rate="1" complexity="1">
          <methods>
            <method name="Invoke" signature="(Microsoft.FSharp.Control.FSharpAsyncReplyChannel`1&lt;Simplee.DSystems.ProcessState&gt;)" line-rate="0" branch-rate="1" complexity="1">
              <lines>
                <line number="890" hits="0" branch="False" />
              </lines>
            </method>
          </methods>
          <lines>
            <line number="890" hits="0" branch="False" />
          </lines>
        </class>
        <class name="Simplee.DSystems.Kernel/mkProcess@891-5" filename="core\kernel.fs" line-rate="0" branch-rate="1" complexity="1">
          <methods>
            <method name="Invoke" signature="(Microsoft.FSharp.Control.AsyncActivation`1&lt;Simplee.DSystems.ISerializer&gt;)" line-rate="0" branch-rate="1" complexity="1">
              <lines>
                <line number="891" hits="0" branch="False" />
              </lines>
            </method>
          </methods>
          <lines>
            <line number="891" hits="0" branch="False" />
          </lines>
        </class>
        <class name="Simplee.DSystems.Kernel/mkProcess@892-6" filename="core\kernel.fs" line-rate="0" branch-rate="1" complexity="1">
          <methods>
            <method name="Invoke" signature="(Microsoft.FSharp.Control.FSharpAsyncReplyChannel`1&lt;Simplee.DSystems.ApiResult&gt;)" line-rate="0" branch-rate="1" complexity="1">
              <lines>
                <line number="892" hits="0" branch="False" />
              </lines>
            </method>
          </methods>
          <lines>
            <line number="892" hits="0" branch="False" />
          </lines>
        </class>
        <class name="Simplee.DSystems.Kernel/pcfg@895-1" filename="core\kernel.fs" line-rate="0" branch-rate="1" complexity="1">
          <methods>
            <method name="Invoke" signature="(Microsoft.FSharp.Control.AsyncActivation`1&lt;Microsoft.FSharp.Core.Unit&gt;)" line-rate="0" branch-rate="1" complexity="1">
              <lines>
                <line number="895" hits="0" branch="False" />
              </lines>
            </method>
          </methods>
          <lines>
            <line number="895" hits="0" branch="False" />
          </lines>
        </class>
        <class name="Simplee.DSystems.Kernel/pint@898-1" filename="core\kernel.fs" line-rate="0" branch-rate="1" complexity="1">
          <methods>
            <method name="Invoke" signature="(Microsoft.FSharp.Control.FSharpAsyncReplyChannel`1&lt;Microsoft.FSharp.Collections.FSharpList`1&lt;Simplee.DSystems.Envelope&gt;&gt;)" line-rate="0" branch-rate="1" complexity="1">
              <lines>
                <line number="898" hits="0" branch="False" />
              </lines>
            </method>
          </methods>
          <lines>
            <line number="898" hits="0" branch="False" />
          </lines>
        </class>
        <class name="Simplee.DSystems.Kernel/mkProcess@835" filename="core\kernel.fs" line-rate="0" branch-rate="1" complexity="1">
          <methods>
            <method name="Invoke" signature="(Simplee.DSystems.ProcessCfg)" line-rate="0" branch-rate="1" complexity="1">
              <lines>
                <line number="835" hits="0" branch="False" />
                <line number="836" hits="0" branch="False" />
                <line number="837" hits="0" branch="False" />
                <line number="839" hits="0" branch="False" />
                <line number="842" hits="0" branch="False" />
                <line number="844" hits="0" branch="False" />
                <line number="845" hits="0" branch="False" />
                <line number="847" hits="0" branch="False" />
                <line number="851" hits="0" branch="False" />
                <line number="852" hits="0" branch="False" />
                <line number="853" hits="0" branch="False" />
                <line number="855" hits="0" branch="False" />
                <line number="859" hits="0" branch="False" />
                <line number="861" hits="0" branch="False" />
                <line number="862" hits="0" branch="False" />
                <line number="863" hits="0" branch="False" />
                <line number="865" hits="0" branch="False" />
                <line number="868" hits="0" branch="False" />
                <line number="870" hits="0" branch="False" />
                <line number="871" hits="0" branch="False" />
                <line number="874" hits="0" branch="False" />
                <line number="875" hits="0" branch="False" />
                <line number="878" hits="0" branch="False" />
                <line number="879" hits="0" branch="False" />
                <line number="887" hits="0" branch="False" />
                <line number="900" hits="0" branch="False" />
              </lines>
            </method>
          </methods>
          <lines>
            <line number="835" hits="0" branch="False" />
            <line number="836" hits="0" branch="False" />
            <line number="837" hits="0" branch="False" />
            <line number="839" hits="0" branch="False" />
            <line number="842" hits="0" branch="False" />
            <line number="844" hits="0" branch="False" />
            <line number="845" hits="0" branch="False" />
            <line number="847" hits="0" branch="False" />
            <line number="851" hits="0" branch="False" />
            <line number="852" hits="0" branch="False" />
            <line number="853" hits="0" branch="False" />
            <line number="855" hits="0" branch="False" />
            <line number="859" hits="0" branch="False" />
            <line number="861" hits="0" branch="False" />
            <line number="862" hits="0" branch="False" />
            <line number="863" hits="0" branch="False" />
            <line number="865" hits="0" branch="False" />
            <line number="868" hits="0" branch="False" />
            <line number="870" hits="0" branch="False" />
            <line number="871" hits="0" branch="False" />
            <line number="874" hits="0" branch="False" />
            <line number="875" hits="0" branch="False" />
            <line number="878" hits="0" branch="False" />
            <line number="879" hits="0" branch="False" />
            <line number="887" hits="0" branch="False" />
            <line number="900" hits="0" branch="False" />
          </lines>
        </class>
        <class name="Simplee.DSystems.Kernel/mkKProcess@907-3" filename="core\kernel.fs" line-rate="0" branch-rate="1" complexity="1">
          <methods>
            <method name="Invoke" signature="(Microsoft.FSharp.Control.AsyncActivation`1&lt;System.Tuple`2&lt;Simplee.DSystems.Kernel/KProcess,System.Tuple`2&lt;Simplee.DSystems.ProcessId,Simplee.DSystems.IProcessPub&gt;&gt;&gt;)" line-rate="0" branch-rate="1" complexity="1">
              <lines>
                <line number="907" hits="0" branch="False" />
              </lines>
            </method>
          </methods>
          <lines>
            <line number="907" hits="0" branch="False" />
          </lines>
        </class>
        <class name="Simplee.DSystems.Kernel/mkKProcess@904-2" filename="core\kernel.fs" line-rate="0" branch-rate="1" complexity="1">
          <methods>
            <method name="Invoke" signature="(Microsoft.FSharp.Core.Unit)" line-rate="0" branch-rate="1" complexity="1">
              <lines>
                <line number="903" hits="0" branch="False" />
                <line number="904" hits="0" branch="False" />
                <line number="906" hits="0" branch="False" />
              </lines>
            </method>
          </methods>
          <lines>
            <line number="903" hits="0" branch="False" />
            <line number="904" hits="0" branch="False" />
            <line number="906" hits="0" branch="False" />
          </lines>
        </class>
        <class name="Simplee.DSystems.Kernel/mkKProcess@902" filename="core\kernel.fs" line-rate="0" branch-rate="1" complexity="1">
          <methods>
            <method name="Invoke" signature="(Simplee.DSystems.ProcessCfg)" line-rate="0" branch-rate="1" complexity="1">
              <lines>
                <line number="902" hits="0" branch="False" />
              </lines>
            </method>
          </methods>
          <lines>
            <line number="902" hits="0" branch="False" />
          </lines>
        </class>
        <class name="Simplee.DSystems.Kernel/addNeighbor@914-1" filename="core\kernel.fs" line-rate="0" branch-rate="1" complexity="1">
          <methods>
            <method name="Invoke" signature="(Microsoft.FSharp.Core.Unit[])" line-rate="0" branch-rate="1" complexity="1">
              <lines>
                <line number="914" hits="0" branch="False" />
              </lines>
            </method>
          </methods>
          <lines>
            <line number="914" hits="0" branch="False" />
          </lines>
        </class>
        <class name="Simplee.DSystems.Kernel/addNeighbor@912-2" filename="core\kernel.fs" line-rate="0" branch-rate="1" complexity="1">
          <methods>
            <method name="Invoke" signature="(Simplee.DSystems.Kernel/KProcess)" line-rate="0" branch-rate="1" complexity="1">
              <lines>
                <line number="912" hits="0" branch="False" />
              </lines>
            </method>
          </methods>
          <lines>
            <line number="912" hits="0" branch="False" />
          </lines>
        </class>
        <class name="Simplee.DSystems.Kernel/addNeighbor@911-3" filename="core\kernel.fs" line-rate="0" branch-rate="1" complexity="1">
          <methods>
            <method name="Invoke" signature="(Simplee.DSystems.Kernel/KProcess)" line-rate="0" branch-rate="1" complexity="1">
              <lines>
                <line number="911" hits="0" branch="False" />
              </lines>
            </method>
          </methods>
          <lines>
            <line number="911" hits="0" branch="False" />
          </lines>
        </class>
        <class name="Simplee.DSystems.Kernel/addNeighbor@910" filename="core\kernel.fs" line-rate="0" branch-rate="1" complexity="1">
          <methods>
            <method name="Invoke" signature="(Simplee.DSystems.Kernel/State,System.Tuple`2&lt;Simplee.DSystems.ProcessId,Simplee.DSystems.Neighbor&gt;)" line-rate="0" branch-rate="1" complexity="1">
              <lines>
                <line number="910" hits="0" branch="False" />
                <line number="913" hits="0" branch="False" />
              </lines>
            </method>
          </methods>
          <lines>
            <line number="910" hits="0" branch="False" />
            <line number="913" hits="0" branch="False" />
          </lines>
        </class>
        <class name="Simplee.DSystems.Kernel/addLink@924-4" filename="core\kernel.fs" line-rate="0" branch-rate="1" complexity="1">
          <methods>
            <method name="Invoke" signature="(Microsoft.FSharp.Control.AsyncActivation`1&lt;Microsoft.FSharp.Core.Unit&gt;)" line-rate="0" branch-rate="1" complexity="1">
              <lines>
                <line number="924" hits="0" branch="False" />
              </lines>
            </method>
          </methods>
          <lines>
            <line number="924" hits="0" branch="False" />
          </lines>
        </class>
        <class name="Simplee.DSystems.Kernel/addLink@924-3" filename="core\kernel.fs" line-rate="0" branch-rate="1" complexity="1">
          <methods>
            <method name="Invoke" signature="(Microsoft.FSharp.Core.Unit)" line-rate="0" branch-rate="1" complexity="1">
              <lines>
                <line number="923" hits="0" branch="False" />
              </lines>
            </method>
          </methods>
          <lines>
            <line number="923" hits="0" branch="False" />
          </lines>
        </class>
        <class name="Simplee.DSystems.Kernel/addLink@923-2" filename="core\kernel.fs" line-rate="0" branch-rate="1" complexity="1">
          <methods>
            <method name="Invoke" signature="(Microsoft.FSharp.Core.Unit)" line-rate="0" branch-rate="1" complexity="1">
              <lines>
                <line number="922" hits="0" branch="False" />
              </lines>
            </method>
          </methods>
          <lines>
            <line number="922" hits="0" branch="False" />
          </lines>
        </class>
        <class name="Simplee.DSystems.Kernel/addLink@917-1" filename="core\kernel.fs" line-rate="0" branch-rate="1" complexity="1">
          <methods>
            <method name="Invoke" signature="(Microsoft.FSharp.Core.Unit)" line-rate="0" branch-rate="1" complexity="1">
              <lines>
                <line number="917" hits="0" branch="False" />
                <line number="919" hits="0" branch="False" />
                <line number="920" hits="0" branch="False" />
              </lines>
            </method>
          </methods>
          <lines>
            <line number="917" hits="0" branch="False" />
            <line number="919" hits="0" branch="False" />
            <line number="920" hits="0" branch="False" />
          </lines>
        </class>
        <class name="Simplee.DSystems.Kernel/addLink@916" filename="core\kernel.fs" line-rate="0" branch-rate="1" complexity="1">
          <methods>
            <method name="Invoke" signature="(Simplee.DSystems.Kernel/State,Simplee.DSystems.Link)" line-rate="0" branch-rate="1" complexity="1">
              <lines>
                <line number="916" hits="0" branch="False" />
              </lines>
            </method>
          </methods>
          <lines>
            <line number="916" hits="0" branch="False" />
          </lines>
        </class>
        <class name="Simplee.DSystems.Kernel/sendEnv@931-1" filename="core\kernel.fs" line-rate="0" branch-rate="1" complexity="1">
          <methods>
            <method name="Invoke" signature="(Microsoft.FSharp.Collections.FSharpList`1&lt;Simplee.DSystems.Envelope&gt;[])" line-rate="0" branch-rate="1" complexity="1">
              <lines>
                <line number="931" hits="0" branch="False" />
              </lines>
            </method>
          </methods>
          <lines>
            <line number="931" hits="0" branch="False" />
          </lines>
        </class>
        <class name="Simplee.DSystems.Kernel/sendEnv@929-4" filename="core\kernel.fs" line-rate="0" branch-rate="1" complexity="1">
          <methods>
            <method name="Invoke" signature="(Simplee.DSystems.Kernel/KProcess)" line-rate="0" branch-rate="1" complexity="1">
              <lines>
                <line number="929" hits="0" branch="False" />
              </lines>
            </method>
          </methods>
          <lines>
            <line number="929" hits="0" branch="False" />
          </lines>
        </class>
        <class name="Simplee.DSystems.Kernel/sendEnv@928-5" filename="core\kernel.fs" line-rate="0" branch-rate="1" complexity="1">
          <methods>
            <method name="Invoke" signature="(Simplee.DSystems.Kernel/KProcess)" line-rate="0" branch-rate="1" complexity="1">
              <lines>
                <line number="928" hits="0" branch="False" />
              </lines>
            </method>
          </methods>
          <lines>
            <line number="928" hits="0" branch="False" />
          </lines>
        </class>
        <class name="Simplee.DSystems.Kernel/sendEnv@927" filename="core\kernel.fs" line-rate="0" branch-rate="1" complexity="1">
          <methods>
            <method name="Invoke" signature="(Simplee.DSystems.Kernel/State,Simplee.DSystems.Envelope)" line-rate="0" branch-rate="1" complexity="1">
              <lines>
                <line number="927" hits="0" branch="False" />
                <line number="930" hits="0" branch="False" />
              </lines>
            </method>
          </methods>
          <lines>
            <line number="927" hits="0" branch="False" />
            <line number="930" hits="0" branch="False" />
          </lines>
        </class>
        <class name="Simplee.DSystems.Kernel/sendEnvs@940-3" filename="core\kernel.fs" line-rate="0" branch-rate="1" complexity="1">
          <methods>
            <method name="Invoke" signature="(Microsoft.FSharp.Collections.FSharpList`1&lt;Simplee.DSystems.Envelope&gt;[])" line-rate="0" branch-rate="1" complexity="1">
              <lines>
                <line number="940" hits="0" branch="False" />
              </lines>
            </method>
          </methods>
          <lines>
            <line number="940" hits="0" branch="False" />
          </lines>
        </class>
        <class name="Simplee.DSystems.Kernel/sendEnvs@936-2" filename="core\kernel.fs" line-rate="0" branch-rate="1" complexity="1">
          <methods>
            <method name="Invoke" signature="(Microsoft.FSharp.Core.Unit)" line-rate="0" branch-rate="1" complexity="1">
              <lines>
                <line number="934" hits="0" branch="False" />
                <line number="936" hits="0" branch="False" />
                <line number="937" hits="0" branch="False" />
                <line number="938" hits="0" branch="False" />
                <line number="939" hits="0" branch="False" />
              </lines>
            </method>
          </methods>
          <lines>
            <line number="934" hits="0" branch="False" />
            <line number="936" hits="0" branch="False" />
            <line number="937" hits="0" branch="False" />
            <line number="938" hits="0" branch="False" />
            <line number="939" hits="0" branch="False" />
          </lines>
        </class>
        <class name="Simplee.DSystems.Kernel/sendEnvs@933" filename="core\kernel.fs" line-rate="0" branch-rate="1" complexity="1">
          <methods>
            <method name="Invoke" signature="(Simplee.DSystems.Kernel/State,Microsoft.FSharp.Collections.FSharpList`1&lt;Simplee.DSystems.Envelope&gt;)" line-rate="0" branch-rate="1" complexity="1">
              <lines>
                <line number="933" hits="0" branch="False" />
              </lines>
            </method>
          </methods>
          <lines>
            <line number="933" hits="0" branch="False" />
          </lines>
        </class>
        <class name="Simplee.DSystems.Kernel/logs@1023-1" filename="core\kernel.fs" line-rate="0" branch-rate="1" complexity="1">
          <methods>
            <method name="Invoke" signature="(Simplee.DSystems.ILoggerPub)" line-rate="0" branch-rate="1" complexity="1">
              <lines>
                <line number="1022" hits="0" branch="False" />
                <line number="1023" hits="0" branch="False" />
              </lines>
            </method>
          </methods>
          <lines>
            <line number="1022" hits="0" branch="False" />
            <line number="1023" hits="0" branch="False" />
          </lines>
        </class>
        <class name="Simplee.DSystems.Kernel/_apiCall@1027" filename="core\kernel.fs" line-rate="0" branch-rate="1" complexity="1">
          <methods>
            <method name="Invoke" signature="(Microsoft.FSharp.Core.Unit)" line-rate="0" branch-rate="1" complexity="1">
              <lines>
                <line number="1027" hits="0" branch="False" />
              </lines>
            </method>
          </methods>
          <lines>
            <line number="1027" hits="0" branch="False" />
          </lines>
        </class>
        <class name="Simplee.DSystems.KFlowBuilder/KBuilder" filename="core\kernel.fs" line-rate="0.2" branch-rate="1" complexity="5">
          <methods>
            <method name="Zero" signature="()" line-rate="0" branch-rate="1" complexity="1">
              <lines>
                <line number="755" hits="0" branch="False" />
              </lines>
            </method>
            <method name="Return" signature="(f)" line-rate="0" branch-rate="1" complexity="1">
              <lines>
                <line number="756" hits="0" branch="False" />
              </lines>
            </method>
            <method name="ReturnFrom" signature="(e)" line-rate="0" branch-rate="1" complexity="1">
              <lines>
                <line number="757" hits="0" branch="False" />
              </lines>
            </method>
            <method name="Bind" signature="(Microsoft.FSharp.Core.FSharpFunc`2&lt;Simplee.DSystems.IKernelPub,Microsoft.FSharp.Control.FSharpAsync`1&lt;c&gt;&gt;,Microsoft.FSharp.Core.FSharpFunc`2&lt;c,Microsoft.FSharp.Core.FSharpFunc`2&lt;Simplee.DSystems.IKernelPub,Microsoft.FSharp.Control.FSharpAsync`1&lt;d&gt;&gt;&gt;)" line-rate="0" branch-rate="1" complexity="1">
              <lines>
                <line number="758" hits="0" branch="False" />
              </lines>
            </method>
            <method name=".ctor" signature="()" line-rate="1" branch-rate="1" complexity="1">
              <lines>
                <line number="754" hits="1" branch="False" />
              </lines>
            </method>
          </methods>
          <lines>
            <line number="755" hits="0" branch="False" />
            <line number="756" hits="0" branch="False" />
            <line number="757" hits="0" branch="False" />
            <line number="758" hits="0" branch="False" />
            <line number="754" hits="1" branch="False" />
          </lines>
        </class>
        <class name="Simplee.DSystems.KFlowBuilder/Combine@759" filename="core\kernel.fs" line-rate="0" branch-rate="1" complexity="1">
          <methods>
            <method name="Invoke" signature="(a)" line-rate="0" branch-rate="1" complexity="1">
              <lines>
                <line number="759" hits="0" branch="False" />
              </lines>
            </method>
          </methods>
          <lines>
            <line number="759" hits="0" branch="False" />
          </lines>
        </class>
        <class name="Simplee.DSystems.KFlowOps" filename="core\kernel.fs" line-rate="0" branch-rate="1" complexity="3">
          <methods>
            <method name="op_LessBangGreater" signature="()" line-rate="0" branch-rate="1" complexity="1">
              <lines>
                <line number="749" hits="0" branch="False" />
              </lines>
            </method>
            <method name="op_GreaterGreaterEquals" signature="()" line-rate="0" branch-rate="1" complexity="1">
              <lines>
                <line number="750" hits="0" branch="False" />
              </lines>
            </method>
            <method name="op_LessMultiplyGreater" signature="()" line-rate="0" branch-rate="1" complexity="1">
              <lines>
                <line number="751" hits="0" branch="False" />
              </lines>
            </method>
          </methods>
          <lines>
[...]
          <methods>
            <method name="Invoke" signature="(a)" line-rate="0" branch-rate="1" complexity="1">
              <lines>
                <line number="89" hits="0" branch="False" />
              </lines>
            </method>
          </methods>
          <lines>
            <line number="89" hits="0" branch="False" />
          </lines>
        </class>
        <class name="Simplee.DSystems.Elections.LeaderUR/rcv@100-59" filename="election\leaderUR.fs" line-rate="0" branch-rate="1" complexity="1">
          <methods>
            <method name="Invoke" signature="(Simplee.DSystems.Elections.LeaderUR/State)" line-rate="0" branch-rate="1" complexity="1">
              <lines>
                <line number="100" hits="0" branch="False" />
              </lines>
            </method>
          </methods>
          <lines>
            <line number="100" hits="0" branch="False" />
          </lines>
        </class>
        <class name="Simplee.DSystems.Elections.LeaderUR/rcv@105-60" filename="election\leaderUR.fs" line-rate="0" branch-rate="1" complexity="1">
          <methods>
            <method name="Invoke" signature="(Simplee.DSystems.Elections.LeaderUR/State)" line-rate="0" branch-rate="1" complexity="1">
              <lines>
                <line number="105" hits="0" branch="False" />
              </lines>
            </method>
          </methods>
          <lines>
            <line number="105" hits="0" branch="False" />
          </lines>
        </class>
        <class name="Simplee.DSystems.Elections.LeaderUR/rcv@122-61" filename="election\leaderUR.fs" line-rate="0" branch-rate="1" complexity="1">
          <methods>
            <method name="Invoke" signature="(Simplee.DSystems.Elections.LeaderUR/State)" line-rate="0" branch-rate="1" complexity="1">
              <lines>
                <line number="122" hits="0" branch="False" />
              </lines>
            </method>
          </methods>
          <lines>
            <line number="122" hits="0" branch="False" />
          </lines>
        </class>
        <class name="Simplee.DSystems.Elections.LeaderUR/rcv@126-64" filename="election\leaderUR.fs" line-rate="0" branch-rate="1" complexity="1">
          <methods>
            <method name="Invoke" signature="(Microsoft.FSharp.Control.AsyncActivation`1&lt;System.Tuple`2&lt;Simplee.DSystems.ProcessState,Microsoft.FSharp.Collections.FSharpList`1&lt;Simplee.DSystems.Envelope&gt;&gt;&gt;)" line-rate="0" branch-rate="1" complexity="1">
              <lines>
                <line number="126" hits="0" branch="False" />
              </lines>
            </method>
          </methods>
          <lines>
            <line number="126" hits="0" branch="False" />
          </lines>
        </class>
        <class name="Simplee.DSystems.Elections.LeaderUR/rcv@126-63" filename="election\leaderUR.fs" line-rate="0" branch-rate="1" complexity="1">
          <methods>
            <method name="Invoke" signature="(Microsoft.FSharp.Core.Unit)" line-rate="0" branch-rate="1" complexity="1">
              <lines>
                <line number="125" hits="0" branch="False" />
              </lines>
            </method>
          </methods>
          <lines>
            <line number="125" hits="0" branch="False" />
          </lines>
        </class>
        <class name="Simplee.DSystems.Elections.LeaderUR/rcv@125-62" filename="election\leaderUR.fs" line-rate="0" branch-rate="1" complexity="1">
          <methods>
            <method name="Invoke" signature="(Microsoft.FSharp.Core.Unit)" line-rate="0" branch-rate="1" complexity="1">
              <lines>
                <line number="124" hits="0" branch="False" />
              </lines>
            </method>
          </methods>
          <lines>
            <line number="124" hits="0" branch="False" />
          </lines>
        </class>
        <class name="Simplee.DSystems.Elections.LeaderUR/rcv@94-58" filename="election\leaderUR.fs" line-rate="0" branch-rate="0" complexity="20">
          <methods>
            <method name="Invoke" signature="(Microsoft.FSharp.Core.Unit)" line-rate="0" branch-rate="0" complexity="20">
              <lines>
                <line number="92" hits="0" branch="False" />
                <line number="95" hits="0" branch="True" condition-coverage="0% (0/6)">
                  <conditions>
                    <condition number="31" type="jump" coverage="0%" />
                    <condition number="59" type="jump" coverage="0%" />
                    <condition number="120" type="jump" coverage="0%" />
                  </conditions>
                </line>
                <line number="97" hits="0" branch="True" condition-coverage="0% (0/6)">
                  <conditions>
                    <condition number="239" type="jump" coverage="0%" />
                    <condition number="268" type="jump" coverage="0%" />
                    <condition number="332" type="jump" coverage="0%" />
                  </conditions>
                </line>
                <line number="98" hits="0" branch="False" />
                <line number="99" hits="0" branch="False" />
                <line number="102" hits="0" branch="True" condition-coverage="0% (0/4)">
                  <conditions>
                    <condition number="465" type="jump" coverage="0%" />
                    <condition number="542" type="jump" coverage="0%" />
                  </conditions>
                </line>
                <line number="103" hits="0" branch="False" />
                <line number="104" hits="0" branch="False" />
                <line number="107" hits="0" branch="True" condition-coverage="0% (0/4)">
                  <conditions>
                    <condition number="699" type="jump" coverage="0%" />
                    <condition number="725" type="jump" coverage="0%" />
                  </conditions>
                </line>
                <line number="108" hits="0" branch="False" />
                <line number="109" hits="0" branch="False" />
                <line number="110" hits="0" branch="False" />
                <line number="111" hits="0" branch="False" />
                <line number="113" hits="0" branch="False" />
                <line number="114" hits="0" branch="False" />
                <line number="115" hits="0" branch="False" />
                <line number="116" hits="0" branch="False" />
                <line number="117" hits="0" branch="False" />
                <line number="119" hits="0" branch="False" />
                <line number="120" hits="0" branch="False" />
                <line number="121" hits="0" branch="False" />
              </lines>
            </method>
          </methods>
          <lines>
            <line number="92" hits="0" branch="False" />
            <line number="95" hits="0" branch="True" condition-coverage="0% (0/6)">
              <conditions>
                <condition number="31" type="jump" coverage="0%" />
                <condition number="59" type="jump" coverage="0%" />
                <condition number="120" type="jump" coverage="0%" />
              </conditions>
            </line>
            <line number="97" hits="0" branch="True" condition-coverage="0% (0/6)">
              <conditions>
                <condition number="239" type="jump" coverage="0%" />
                <condition number="268" type="jump" coverage="0%" />
                <condition number="332" type="jump" coverage="0%" />
              </conditions>
            </line>
            <line number="98" hits="0" branch="False" />
            <line number="99" hits="0" branch="False" />
            <line number="102" hits="0" branch="True" condition-coverage="0% (0/4)">
              <conditions>
                <condition number="465" type="jump" coverage="0%" />
                <condition number="542" type="jump" coverage="0%" />
              </conditions>
            </line>
            <line number="103" hits="0" branch="False" />
            <line number="104" hits="0" branch="False" />
            <line number="107" hits="0" branch="True" condition-coverage="0% (0/4)">
              <conditions>
                <condition number="699" type="jump" coverage="0%" />
                <condition number="725" type="jump" coverage="0%" />
              </conditions>
            </line>
            <line number="108" hits="0" branch="False" />
            <line number="109" hits="0" branch="False" />
            <line number="110" hits="0" branch="False" />
            <line number="111" hits="0" branch="False" />
            <line number="113" hits="0" branch="False" />
            <line number="114" hits="0" branch="False" />
            <line number="115" hits="0" branch="False" />
            <line number="116" hits="0" branch="False" />
            <line number="117" hits="0" branch="False" />
            <line number="119" hits="0" branch="False" />
            <line number="120" hits="0" branch="False" />
            <line number="121" hits="0" branch="False" />
          </lines>
        </class>
        <class name="Simplee.DSystems.Elections.LeaderUR/doSnd@135-56" filename="election\leaderUR.fs" line-rate="0" branch-rate="1" complexity="1">
          <methods>
            <method name="Invoke" signature="(a)" line-rate="0" branch-rate="1" complexity="1">
              <lines>
                <line number="135" hits="0" branch="False" />
              </lines>
            </method>
          </methods>
          <lines>
            <line number="135" hits="0" branch="False" />
          </lines>
        </class>
        <class name="Simplee.DSystems.Elections.LeaderUR/doErr@136-56" filename="election\leaderUR.fs" line-rate="0" branch-rate="1" complexity="1">
          <methods>
            <method name="Invoke" signature="(a)" line-rate="0" branch-rate="1" complexity="1">
              <lines>
                <line number="136" hits="0" branch="False" />
              </lines>
            </method>
          </methods>
          <lines>
            <line number="136" hits="0" branch="False" />
          </lines>
        </class>
        <class name="Simplee.DSystems.Elections.LeaderUR/doDbg@137-56" filename="election\leaderUR.fs" line-rate="0" branch-rate="1" complexity="1">
          <methods>
            <method name="Invoke" signature="(a)" line-rate="0" branch-rate="1" complexity="1">
              <lines>
                <line number="137" hits="0" branch="False" />
              </lines>
            </method>
          </methods>
          <lines>
            <line number="137" hits="0" branch="False" />
          </lines>
        </class>
        <class name="Simplee.DSystems.Elections.LeaderUR/api@148-47" filename="election\leaderUR.fs" line-rate="0" branch-rate="1" complexity="1">
          <methods>
            <method name="Invoke" signature="(Simplee.DSystems.Elections.LeaderUR/State)" line-rate="0" branch-rate="1" complexity="1">
              <lines>
                <line number="148" hits="0" branch="False" />
              </lines>
            </method>
          </methods>
          <lines>
            <line number="148" hits="0" branch="False" />
          </lines>
        </class>
        <class name="Simplee.DSystems.Elections.LeaderUR/api@150-48" filename="election\leaderUR.fs" line-rate="0" branch-rate="1" complexity="1">
          <methods>
            <method name="Invoke" signature="(Simplee.DSystems.Elections.LeaderUR/State)" line-rate="0" branch-rate="1" complexity="1">
              <lines>
                <line number="150" hits="0" branch="False" />
              </lines>
            </method>
          </methods>
          <lines>
            <line number="150" hits="0" branch="False" />
          </lines>
        </class>
        <class name="Simplee.DSystems.Elections.LeaderUR/api@154-51" filename="election\leaderUR.fs" line-rate="0" branch-rate="1" complexity="1">
          <methods>
            <method name="Invoke" signature="(Microsoft.FSharp.Control.AsyncActivation`1&lt;System.Tuple`3&lt;Simplee.DSystems.ProcessState,Microsoft.FSharp.Collections.FSharpList`1&lt;Simplee.DSystems.Envelope&gt;,Simplee.DSystems.ApiResult&gt;&gt;)" line-rate="0" branch-rate="1" complexity="1">
              <lines>
                <line number="154" hits="0" branch="False" />
              </lines>
            </method>
          </methods>
          <lines>
            <line number="154" hits="0" branch="False" />
          </lines>
        </class>
        <class name="Simplee.DSystems.Elections.LeaderUR/api@154-50" filename="election\leaderUR.fs" line-rate="0" branch-rate="1" complexity="1">
          <methods>
            <method name="Invoke" signature="(Microsoft.FSharp.Core.Unit)" line-rate="0" branch-rate="1" complexity="1">
              <lines>
                <line number="153" hits="0" branch="False" />
              </lines>
            </method>
          </methods>
          <lines>
            <line number="153" hits="0" branch="False" />
          </lines>
        </class>
        <class name="Simplee.DSystems.Elections.LeaderUR/api@153-49" filename="election\leaderUR.fs" line-rate="0" branch-rate="1" complexity="1">
          <methods>
            <method name="Invoke" signature="(Microsoft.FSharp.Core.Unit)" line-rate="0" branch-rate="1" complexity="1">
              <lines>
                <line number="152" hits="0" branch="False" />
              </lines>
            </method>
          </methods>
          <lines>
            <line number="152" hits="0" branch="False" />
          </lines>
        </class>
        <class name="Simplee.DSystems.Elections.LeaderUR/api@142-46" filename="election\leaderUR.fs" line-rate="0" branch-rate="0" complexity="2">
          <methods>
            <method name="Invoke" signature="(Microsoft.FSharp.Core.Unit)" line-rate="0" branch-rate="0" complexity="2">
              <lines>
                <line number="140" hits="0" branch="False" />
                <line number="143" hits="0" branch="True" condition-coverage="0% (0/2)">
                  <conditions>
                    <condition number="31" type="jump" coverage="0%" />
                  </conditions>
                </line>
                <line number="145" hits="0" branch="False" />
                <line number="146" hits="0" branch="False" />
                <line number="147" hits="0" branch="False" />
              </lines>
            </method>
          </methods>
          <lines>
            <line number="140" hits="0" branch="False" />
            <line number="143" hits="0" branch="True" condition-coverage="0% (0/2)">
              <conditions>
                <condition number="31" type="jump" coverage="0%" />
              </conditions>
            </line>
            <line number="145" hits="0" branch="False" />
            <line number="146" hits="0" branch="False" />
            <line number="147" hits="0" branch="False" />
          </lines>
        </class>
        <class name="Simplee.DSystems.Elections.LeaderUR/Envelope" filename="election\leaderUR.fs" line-rate="0" branch-rate="1" complexity="3">
          <methods>
            <method name="mkEnvelope" signature="(Simplee.DSystems.ProcessCtx,Simplee.DSystems.SessionId,Simplee.DSystems.ToId)" line-rate="0" branch-rate="1" complexity="1">
              <lines>
                <line number="51" hits="0" branch="False" />
                <line number="52" hits="0" branch="False" />
                <line number="53" hits="0" branch="False" />
                <line number="54" hits="0" branch="False" />
                <line number="55" hits="0" branch="False" />
              </lines>
            </method>
            <method name="withElectionEnvelope" signature="(Simplee.DSystems.ProcessCtx,Simplee.DSystems.SessionId,Simplee.DSystems.ProcessId,a)" line-rate="0" branch-rate="1" complexity="1">
              <lines>
                <line number="58" hits="0" branch="False" />
                <line number="59" hits="0" branch="False" />
                <line number="60" hits="0" branch="False" />
                <line number="61" hits="0" branch="False" />
                <line number="62" hits="0" branch="False" />
                <line number="63" hits="0" branch="False" />
                <line number="64" hits="0" branch="False" />
                <line number="66" hits="0" branch="False" />
              </lines>
            </method>
            <method name="withElectedEnvelope" signature="(Simplee.DSystems.ProcessCtx,Simplee.DSystems.SessionId,Simplee.DSystems.ProcessId,a)" line-rate="0" branch-rate="1" complexity="1">
              <lines>
                <line number="69" hits="0" branch="False" />
                <line number="70" hits="0" branch="False" />
                <line number="71" hits="0" branch="False" />
                <line number="72" hits="0" branch="False" />
                <line number="73" hits="0" branch="False" />
                <line number="74" hits="0" branch="False" />
                <line number="75" hits="0" branch="False" />
                <line number="77" hits="0" branch="False" />
              </lines>
            </method>
          </methods>
          <lines>
            <line number="51" hits="0" branch="False" />
            <line number="52" hits="0" branch="False" />
            <line number="53" hits="0" branch="False" />
            <line number="54" hits="0" branch="False" />
            <line number="55" hits="0" branch="False" />
            <line number="58" hits="0" branch="False" />
            <line number="59" hits="0" branch="False" />
            <line number="60" hits="0" branch="False" />
            <line number="61" hits="0" branch="False" />
            <line number="62" hits="0" branch="False" />
            <line number="63" hits="0" branch="False" />
            <line number="64" hits="0" branch="False" />
            <line number="66" hits="0" branch="False" />
            <line number="69" hits="0" branch="False" />
            <line number="70" hits="0" branch="False" />
            <line number="71" hits="0" branch="False" />
            <line number="72" hits="0" branch="False" />
            <line number="73" hits="0" branch="False" />
            <line number="74" hits="0" branch="False" />
            <line number="75" hits="0" branch="False" />
            <line number="77" hits="0" branch="False" />
          </lines>
        </class>
        <class name="Simplee.DSystems.Elections.LeaderUR/StateTransitions" filename="election\leaderUR.fs" line-rate="0" branch-rate="1" complexity="2">
          <methods>
            <method name="moveToElected" signature="(Simplee.DSystems.Elections.LeaderUR/State)" line-rate="0" branch-rate="1" complexity="1">
              <lines>
                <line number="42" hits="0" branch="False" />
              </lines>
            </method>
            <method name="moveToDone" signature="(Simplee.DSystems.ProcessId,Simplee.DSystems.Elections.LeaderUR/State)" line-rate="0" branch-rate="1" complexity="1">
              <lines>
                <line number="45" hits="0" branch="False" />
              </lines>
            </method>
          </methods>
          <lines>
            <line number="42" hits="0" branch="False" />
            <line number="45" hits="0" branch="False" />
          </lines>
        </class>
        <class name="&lt;StartupCode$fraktaal&gt;.$LeaderUR" filename="election\leaderUR.fs" line-rate="0" branch-rate="1" complexity="1">
          <methods>
            <method name=".cctor" signature="()" line-rate="0" branch-rate="1" complexity="1">
              <lines>
                <line number="35" hits="0" branch="False" />
              </lines>
            </method>
          </methods>
          <lines>
            <line number="35" hits="0" branch="False" />
          </lines>
        </class>
      </classes>
    </package>
  </packages>
</coverage>